# JRE version: OpenJDK Runtime Environment Zulu17.44+53-CA (17.0.8.1+1) (build 17.0.8.1+1-LTS)
# Java VM: OpenJDK 64-Bit Server VM Zulu17.44+53-CA (17.0.8.1+1-LTS, mixed mode, sharing, tiered, compressed oops, compressed class ptrs, g1 gc, windows-amd64)
GC Precious Log:
 CPUs: 12 total, 12 available
 Memory: 16301M
 Large Page Support: Disabled
 NUMA Support: Disabled
 Compressed Oops: Enabled (32-bit)
 Heap Region Size: 1M
 Heap Min Capacity: 256M
 Heap Initial Capacity: 256M
 Heap Max Capacity: 512M
 Pre-touch: Disabled
 Parallel Workers: 10
 Concurrent Workers: 3
 Concurrent Refinement Workers: 10
 Periodic GC: Disabled
Heap:
 garbage-first heap   total 262144K, used 124928K [0x00000000e0000000, 0x0000000100000000)
  region size 1024K, 68 young (69632K), 19 survivors (19456K)
 Metaspace       used 55944K, committed 56512K, reserved 393216K
  class space    used 7610K, committed 7872K, reserved 327680K
GC Heap History (20 events):
Event: 0.536 GC heap before
{Heap before GC invocations=1 (full 0):
 garbage-first heap   total 262144K, used 38533K [0x00000000e0000000, 0x0000000100000000)
  region size 1024K, 30 young (30720K), 3 survivors (3072K)
 Metaspace       used 4099K, committed 4288K, reserved 393216K
  class space    used 504K, committed 576K, reserved 327680K
}
Event: 0.538 GC heap after
{Heap after GC invocations=2 (full 0):
 garbage-first heap   total 262144K, used 11756K [0x00000000e0000000, 0x0000000100000000)
  region size 1024K, 1 young (1024K), 1 survivors (1024K)
 Metaspace       used 4099K, committed 4288K, reserved 393216K
  class space    used 504K, committed 576K, reserved 327680K
}
Event: 1.930 GC heap before
{Heap before GC invocations=2 (full 0):
 garbage-first heap   total 262144K, used 124396K [0x00000000e0000000, 0x0000000100000000)
  region size 1024K, 111 young (113664K), 1 survivors (1024K)
 Metaspace       used 20573K, committed 20928K, reserved 393216K
  class space    used 3025K, committed 3200K, reserved 327680K
}
Event: 1.937 GC heap after
{Heap after GC invocations=3 (full 0):
 garbage-first heap   total 262144K, used 23082K [0x00000000e0000000, 0x0000000100000000)
  region size 1024K, 12 young (12288K), 12 survivors (12288K)
 Metaspace       used 20573K, committed 20928K, reserved 393216K
  class space    used 3025K, committed 3200K, reserved 327680K
}
Event: 1.985 GC heap before
{Heap before GC invocations=3 (full 0):
 garbage-first heap   total 262144K, used 26154K [0x00000000e0000000, 0x0000000100000000)
  region size 1024K, 16 young (16384K), 12 survivors (12288K)
 Metaspace       used 21219K, committed 21504K, reserved 393216K
  class space    used 3103K, committed 3264K, reserved 327680K
}
Event: 1.990 GC heap after
{Heap after GC invocations=4 (full 0):
 garbage-first heap   total 262144K, used 23628K [0x00000000e0000000, 0x0000000100000000)
  region size 1024K, 1 young (1024K), 1 survivors (1024K)
 Metaspace       used 21219K, committed 21504K, reserved 393216K
  class space    used 3103K, committed 3264K, reserved 327680K
}
Event: 4.515 GC heap before
{Heap before GC invocations=5 (full 0):
 garbage-first heap   total 262144K, used 144460K [0x00000000e0000000, 0x0000000100000000)
  region size 1024K, 116 young (118784K), 1 survivors (1024K)
 Metaspace       used 35616K, committed 35968K, reserved 393216K
  class space    used 4918K, committed 5120K, reserved 327680K
}
Event: 4.519 GC heap after
{Heap after GC invocations=6 (full 0):
 garbage-first heap   total 262144K, used 32416K [0x00000000e0000000, 0x0000000100000000)
  region size 1024K, 10 young (10240K), 10 survivors (10240K)
 Metaspace       used 35616K, committed 35968K, reserved 393216K
  class space    used 4918K, committed 5120K, reserved 327680K
}
Event: 4.532 GC heap before
{Heap before GC invocations=6 (full 0):
 garbage-first heap   total 262144K, used 33440K [0x00000000e0000000, 0x0000000100000000)
  region size 1024K, 12 young (12288K), 10 survivors (10240K)
 Metaspace       used 35789K, committed 36160K, reserved 393216K
  class space    used 4948K, committed 5120K, reserved 327680K
}
Event: 4.536 GC heap after
{Heap after GC invocations=7 (full 0):
 garbage-first heap   total 262144K, used 32768K [0x00000000e0000000, 0x0000000100000000)
  region size 1024K, 2 young (2048K), 2 survivors (2048K)
 Metaspace       used 35789K, committed 36160K, reserved 393216K
  class space    used 4948K, committed 5120K, reserved 327680K
}
Event: 4.545 GC heap before
{Heap before GC invocations=7 (full 0):
 garbage-first heap   total 262144K, used 33792K [0x00000000e0000000, 0x0000000100000000)
  region size 1024K, 4 young (4096K), 2 survivors (2048K)
 Metaspace       used 35937K, committed 36288K, reserved 393216K
  class space    used 4973K, committed 5184K, reserved 327680K
}
Event: 4.546 GC heap after
{Heap after GC invocations=8 (full 0):
 garbage-first heap   total 262144K, used 31916K [0x00000000e0000000, 0x0000000100000000)
  region size 1024K, 1 young (1024K), 1 survivors (1024K)
 Metaspace       used 35937K, committed 36288K, reserved 393216K
  class space    used 4973K, committed 5184K, reserved 327680K
}
Event: 5.607 GC heap before
{Heap before GC invocations=9 (full 0):
 garbage-first heap   total 262144K, used 188588K [0x00000000e0000000, 0x0000000100000000)
  region size 1024K, 153 young (156672K), 1 survivors (1024K)
 Metaspace       used 48894K, committed 49408K, reserved 393216K
  class space    used 6954K, committed 7232K, reserved 327680K
}
Event: 5.612 GC heap after
{Heap after GC invocations=10 (full 0):
 garbage-first heap   total 262144K, used 42322K [0x00000000e0000000, 0x0000000100000000)
  region size 1024K, 11 young (11264K), 11 survivors (11264K)
 Metaspace       used 48894K, committed 49408K, reserved 393216K
  class space    used 6954K, committed 7232K, reserved 327680K
}
Event: 6.449 GC heap before
{Heap before GC invocations=10 (full 0):
 garbage-first heap   total 262144K, used 186706K [0x00000000e0000000, 0x0000000100000000)
  region size 1024K, 153 young (156672K), 11 survivors (11264K)
 Metaspace       used 53339K, committed 53888K, reserved 393216K
  class space    used 7410K, committed 7680K, reserved 327680K
}
Event: 6.458 GC heap after
{Heap after GC invocations=11 (full 0):
 garbage-first heap   total 262144K, used 55489K [0x00000000e0000000, 0x0000000100000000)
  region size 1024K, 13 young (13312K), 13 survivors (13312K)
 Metaspace       used 53339K, committed 53888K, reserved 393216K
  class space    used 7410K, committed 7680K, reserved 327680K
}
Event: 7.134 GC heap before
{Heap before GC invocations=11 (full 0):
 garbage-first heap   total 262144K, used 198849K [0x00000000e0000000, 0x0000000100000000)
  region size 1024K, 153 young (156672K), 13 survivors (13312K)
 Metaspace       used 54249K, committed 54784K, reserved 393216K
  class space    used 7415K, committed 7680K, reserved 327680K
}
Event: 7.141 GC heap after
{Heap after GC invocations=12 (full 0):
 garbage-first heap   total 262144K, used 64186K [0x00000000e0000000, 0x0000000100000000)
  region size 1024K, 9 young (9216K), 9 survivors (9216K)
 Metaspace       used 54249K, committed 54784K, reserved 393216K
  class space    used 7415K, committed 7680K, reserved 327680K
}
Event: 20.645 GC heap before
{Heap before GC invocations=12 (full 0):
 garbage-first heap   total 262144K, used 203450K [0x00000000e0000000, 0x0000000100000000)
  region size 1024K, 146 young (149504K), 9 survivors (9216K)
 Metaspace       used 55839K, committed 56448K, reserved 393216K
  class space    used 7607K, committed 7872K, reserved 327680K
}
Event: 20.656 GC heap after
{Heap after GC invocations=13 (full 0):
 garbage-first heap   total 262144K, used 75776K [0x00000000e0000000, 0x0000000100000000)
  region size 1024K, 19 young (19456K), 19 survivors (19456K)
 Metaspace       used 55839K, committed 56448K, reserved 393216K
  class space    used 7607K, committed 7872K, reserved 327680K
}

