# JRE version: OpenJDK Runtime Environment Zulu17.44+53-CA (17.0.8.1+1) (build 17.0.8.1+1-LTS)
# Java VM: OpenJDK 64-Bit Server VM Zulu17.44+53-CA (17.0.8.1+1-LTS, mixed mode, sharing, tiered, compressed oops, compressed class ptrs, g1 gc, windows-amd64)
GC Precious Log:
 CPUs: 12 total, 12 available
 Memory: 16301M
 Large Page Support: Disabled
 NUMA Support: Disabled
 Compressed Oops: Enabled (32-bit)
 Heap Region Size: 1M
 Heap Min Capacity: 256M
 Heap Initial Capacity: 256M
 Heap Max Capacity: 512M
 Pre-touch: Disabled
 Parallel Workers: 10
 Concurrent Workers: 3
 Concurrent Refinement Workers: 10
 Periodic GC: Disabled
Heap:
 garbage-first heap   total 262144K, used 125550K [0x00000000e0000000, 0x0000000100000000)
  region size 1024K, 93 young (95232K), 1 survivors (1024K)
 Metaspace       used 45501K, committed 45952K, reserved 393216K
  class space    used 6377K, committed 6592K, reserved 327680K
GC Heap History (14 events):
Event: 0.845 GC heap before
{Heap before GC invocations=0 (full 0):
 garbage-first heap   total 262144K, used 26624K [0x00000000e0000000, 0x0000000100000000)
  region size 1024K, 23 young (23552K), 0 survivors (0K)
 Metaspace       used 3046K, committed 3136K, reserved 393216K
  class space    used 387K, committed 448K, reserved 327680K
}
Event: 0.856 GC heap after
{Heap after GC invocations=1 (full 0):
 garbage-first heap   total 262144K, used 10604K [0x00000000e0000000, 0x0000000100000000)
  region size 1024K, 3 young (3072K), 3 survivors (3072K)
 Metaspace       used 3046K, committed 3136K, reserved 393216K
  class space    used 387K, committed 448K, reserved 327680K
}
Event: 1.150 GC heap before
{Heap before GC invocations=1 (full 0):
 garbage-first heap   total 262144K, used 38252K [0x00000000e0000000, 0x0000000100000000)
  region size 1024K, 30 young (30720K), 3 survivors (3072K)
 Metaspace       used 4112K, committed 4288K, reserved 393216K
  class space    used 504K, committed 576K, reserved 327680K
}
Event: 1.152 GC heap after
{Heap after GC invocations=2 (full 0):
 garbage-first heap   total 262144K, used 11921K [0x00000000e0000000, 0x0000000100000000)
  region size 1024K, 1 young (1024K), 1 survivors (1024K)
 Metaspace       used 4112K, committed 4288K, reserved 393216K
  class space    used 504K, committed 576K, reserved 327680K
}
Event: 3.945 GC heap before
{Heap before GC invocations=2 (full 0):
 garbage-first heap   total 262144K, used 124561K [0x00000000e0000000, 0x0000000100000000)
  region size 1024K, 110 young (112640K), 1 survivors (1024K)
 Metaspace       used 20468K, committed 20736K, reserved 393216K
  class space    used 3010K, committed 3136K, reserved 327680K
}
Event: 3.976 GC heap after
{Heap after GC invocations=3 (full 0):
 garbage-first heap   total 262144K, used 22654K [0x00000000e0000000, 0x0000000100000000)
  region size 1024K, 12 young (12288K), 12 survivors (12288K)
 Metaspace       used 20468K, committed 20736K, reserved 393216K
  class space    used 3010K, committed 3136K, reserved 327680K
}
Event: 4.083 GC heap before
{Heap before GC invocations=3 (full 0):
 garbage-first heap   total 262144K, used 27774K [0x00000000e0000000, 0x0000000100000000)
  region size 1024K, 18 young (18432K), 12 survivors (12288K)
 Metaspace       used 21251K, committed 21504K, reserved 393216K
  class space    used 3111K, committed 3264K, reserved 327680K
}
Event: 4.088 GC heap after
{Heap after GC invocations=4 (full 0):
 garbage-first heap   total 262144K, used 24006K [0x00000000e0000000, 0x0000000100000000)
  region size 1024K, 1 young (1024K), 1 survivors (1024K)
 Metaspace       used 21251K, committed 21504K, reserved 393216K
  class space    used 3111K, committed 3264K, reserved 327680K
}
Event: 17.067 GC heap before
{Heap before GC invocations=5 (full 0):
 garbage-first heap   total 262144K, used 143814K [0x00000000e0000000, 0x0000000100000000)
  region size 1024K, 115 young (117760K), 1 survivors (1024K)
 Metaspace       used 35574K, committed 35968K, reserved 393216K
  class space    used 4907K, committed 5056K, reserved 327680K
}
Event: 17.071 GC heap after
{Heap after GC invocations=6 (full 0):
 garbage-first heap   total 262144K, used 31748K [0x00000000e0000000, 0x0000000100000000)
  region size 1024K, 9 young (9216K), 9 survivors (9216K)
 Metaspace       used 35574K, committed 35968K, reserved 393216K
  class space    used 4907K, committed 5056K, reserved 327680K
}
Event: 17.094 GC heap before
{Heap before GC invocations=6 (full 0):
 garbage-first heap   total 262144K, used 33796K [0x00000000e0000000, 0x0000000100000000)
  region size 1024K, 12 young (12288K), 9 survivors (9216K)
 Metaspace       used 35881K, committed 36224K, reserved 393216K
  class space    used 4965K, committed 5120K, reserved 327680K
}
Event: 17.097 GC heap after
{Heap after GC invocations=7 (full 0):
 garbage-first heap   total 262144K, used 32119K [0x00000000e0000000, 0x0000000100000000)
  region size 1024K, 2 young (2048K), 2 survivors (2048K)
 Metaspace       used 35881K, committed 36224K, reserved 393216K
  class space    used 4965K, committed 5120K, reserved 327680K
}
Event: 17.100 GC heap before
{Heap before GC invocations=7 (full 0):
 garbage-first heap   total 262144K, used 32119K [0x00000000e0000000, 0x0000000100000000)
  region size 1024K, 3 young (3072K), 2 survivors (2048K)
 Metaspace       used 35923K, committed 36288K, reserved 393216K
  class space    used 4970K, committed 5120K, reserved 327680K
}
Event: 17.101 GC heap after
{Heap after GC invocations=8 (full 0):
 garbage-first heap   total 262144K, used 31342K [0x00000000e0000000, 0x0000000100000000)
  region size 1024K, 1 young (1024K), 1 survivors (1024K)
 Metaspace       used 35923K, committed 36288K, reserved 393216K
  class space    used 4970K, committed 5120K, reserved 327680K
}

